[debug] [2022-12-22T14:03:34.937Z] ----------------------------------------------------------------------
[debug] [2022-12-22T14:03:34.939Z] Command:       C:\Program Files\nodejs\node.exe C:\Users\rabia\AppData\Roaming\npm\node_modules\firebase-tools\lib\bin\firebase.js init
[debug] [2022-12-22T14:03:34.940Z] CLI Version:   11.19.0
[debug] [2022-12-22T14:03:34.940Z] Platform:      win32
[debug] [2022-12-22T14:03:34.940Z] Node Version:  v18.12.1
[debug] [2022-12-22T14:03:34.941Z] Time:          Thu Dec 22 2022 19:03:34 GMT+0500 (Pakistan Standard Time)
[debug] [2022-12-22T14:03:34.941Z] ----------------------------------------------------------------------
[debug] 
[debug] [2022-12-22T14:03:35.024Z] > command requires scopes: ["email","openid","https://www.googleapis.com/auth/cloudplatformprojects.readonly","https://www.googleapis.com/auth/firebase","https://www.googleapis.com/auth/cloud-platform"]
[debug] [2022-12-22T14:03:35.025Z] > authorizing via signed-in user (rabiasid984@gmail.com)
[info] 
     ######## #### ########  ######## ########     ###     ######  ########
     ##        ##  ##     ## ##       ##     ##  ##   ##  ##       ##
     ######    ##  ########  ######   ########  #########  ######  ######
     ##        ##  ##    ##  ##       ##     ## ##     ##       ## ##
     ##       #### ##     ## ######## ########  ##     ##  ######  ########

You're about to initialize a Firebase project in this directory:

  D:\Ant Design\antd-demo

Before we get started, keep in mind:

  * You are initializing within an existing Firebase project directory

